2016-10-09 开启--------------------
18:26:15:775 版本:V6.39
2016-10-09 18:26:18 关闭-----------

2016-07-19 开启--------------------
09:44:02:217 版本:V6.39
09:44:05:356 获取customcfg_htzqnew.zip并解压
09:44:05:358 更新newhost.lst,合并到站点配置中
09:44:05:597 更新D:\htzq\eTrade.xml
09:44:07:367 获取zhb.zip并解压
09:44:07:372 更新D:\htzq\zdcomte.dat
2016-07-19 09:49:21 关闭-----------

2016-07-19 开启--------------------
10:49:36:042 版本:V6.39
10:50:05:735 程序被通知关闭
2016-07-19 10:50:08 关闭-----------

2016-07-19 开启--------------------
10:50:43:663 版本:V6.39
2016-07-19 10:53:10 关闭-----------

2016-07-19 开启--------------------
12:08:57:627 版本:V6.39
12:14:28:672 程序被通知关闭
2016-07-19 12:14:30 关闭-----------

2016-07-19 开启--------------------
12:14:43:981 版本:V6.39
2016-07-19 12:15:48 关闭-----------

2016-07-19 开启--------------------
15:02:54:372 版本:V6.39
2016-07-19 15:03:58 关闭-----------

2016-07-19 开启--------------------
19:14:04:598 版本:V6.39
2016-07-19 19:15:04 关闭-----------

2016-07-19 开启--------------------
19:43:00:033 版本:V6.39
2016-07-19 20:03:20 关闭-----------

2016-07-20 开启--------------------
21:30:18:601 版本:V6.39
21:30:23:415 获取zhb.zip并解压
21:30:23:424 更新D:\htzq\zdcomte.dat
2016-07-20 21:31:09 关闭-----------

2016-07-21 开启--------------------
12:16:48:530 版本:V6.39
12:16:54:530 获取zhb.zip并解压
12:16:54:539 更新D:\htzq\zdcomte.dat
2016-07-21 12:28:51 关闭-----------

2016-07-21 开启--------------------
20:28:33:607 版本:V6.39
2016-07-21 20:29:40 关闭-----------

2016-07-21 开启--------------------
20:42:29:378 版本:V6.39
2016-07-21 20:43:28 关闭-----------

2016-07-25 开启--------------------
20:42:58:921 版本:V6.39
20:43:02:890 获取zhb.zip并解压
20:43:02:898 更新D:\htzq\zdcomte.dat
2016-07-25 20:48:02 关闭-----------

2016-07-26 开启--------------------
20:51:03:789 版本:V6.39
20:51:09:867 获取zhb.zip并解压
20:51:09:879 更新D:\htzq\zdcomte.dat
2016-07-26 20:52:31 关闭-----------

2016-07-27 开启--------------------
20:44:17:859 版本:V6.39
20:44:29:966 获取zhb.zip并解压
20:44:29:976 更新D:\htzq\zdcomte.dat
2016-07-27 20:46:13 关闭-----------

2016-07-28 开启--------------------
19:22:07:980 版本:V6.39
19:22:12:907 获取zhb.zip并解压
19:22:12:917 更新D:\htzq\zdcomte.dat
2016-07-28 19:28:43 关闭-----------

2016-08-01 开启--------------------
21:25:28:834 版本:V6.39
21:25:34:240 获取zhb.zip并解压
21:25:34:256 更新D:\htzq\zdcomte.dat
2016-08-01 21:30:41 关闭-----------

2016-08-02 开启--------------------
21:00:23:701 版本:V6.39
21:00:28:399 获取zhb.zip并解压
21:00:28:409 更新D:\htzq\zdcomte.dat
2016-08-02 21:02:04 关闭-----------

2016-08-03 开启--------------------
21:12:05:395 版本:V6.39
21:12:09:657 获取zhb.zip并解压
21:12:09:668 更新D:\htzq\zdcomte.dat
2016-08-03 21:16:07 关闭-----------

2016-08-04 开启--------------------
20:24:25:870 版本:V6.39
20:24:31:198 获取zhb.zip并解压
20:24:31:208 更新D:\htzq\zdcomte.dat
2016-08-04 20:26:07 关闭-----------

2016-08-08 开启--------------------
22:26:57:788 版本:V6.39
22:27:03:585 获取zhb.zip并解压
22:27:03:595 更新D:\htzq\zdcomte.dat
2016-08-08 22:33:51 关闭-----------

2016-08-09 开启--------------------
20:38:18:259 版本:V6.39
20:38:23:160 获取zhb.zip并解压
20:38:23:169 更新D:\htzq\zdcomte.dat
2016-08-09 20:40:03 关闭-----------

2016-08-10 开启--------------------
21:57:26:611 版本:V6.39
21:57:31:899 获取zhb.zip并解压
21:57:31:911 更新D:\htzq\zdcomte.dat
2016-08-10 22:10:43 关闭-----------

2016-10-12 开启--------------------
21:01:44:395 版本:V6.39
21:02:16:608 获取zhb.zip并解压
21:02:16:672 更新D:\htzq\zdcomte.dat
2016-10-12 21:31:20 关闭-----------

2016-10-19 开启--------------------
08:46:13:108 版本:V6.39
08:46:24:458 获取zhb.zip并解压
08:46:24:469 更新D:\htzq\zdcomte.dat
2016-10-19 08:54:20 关闭-----------

2016-10-19 开启--------------------
09:05:32:730 版本:V6.39
2016-10-19 09:05:37 关闭-----------

2016-11-21 开启--------------------
16:27:06:525 版本:V6.39
16:27:11:624 获取zhb.zip并解压
16:27:11:658 更新F:\code\htzq\zdcomte.dat
2016-11-21 16:34:52 关闭-----------

2016-11-21 开启--------------------
16:44:38:465 版本:V6.39
2016-11-21 18:08:17 关闭-----------

2017-01-19 开启--------------------
10:06:18:865 版本:V6.39
10:06:23:112 获取zhb.zip并解压
10:06:23:142 更新E:\code\htzq\zdcomte.dat
10:06:47:273 程序被通知关闭
2017-01-19 10:06:47 关闭-----------

